Remove Pin=C1-P From Net=u1out
Remove Pin=C2-P From Net=GND
Remove Pin=C3-P From Net=u2out
Remove Pin=C4-P From Net=GND
Remove Pin=C5-P From Net=GND
Remove Pin=R12-2 From Net=+u4in
Remove Pin=R13-2 From Net=+u5in
Remove Pin=R14-2 From Net=+12
Remove Pin=R15-2 From Net=+12
Remove Pin=R16-2 From Net=+12
Remove Pin=R26-1 From Net=GND
Remove Pin=R27-1 From Net=GND
Remove Pin=R29-2 From Net=u1out
Remove Pin=R31-2 From Net=u2out
Remove Pin=R33-2 From Net=u3out
Remove Pin=R38-1 From Net=GND
Remove Pin=R39-2 From Net=u3out
Remove Pin=U3-1 From Net=u1out
Remove Pin=U3-2 From Net=u1in
Remove Pin=U3-3 From Net=GND
Remove Pin=U3-4 From Net=-12
Remove Pin=U3-5 From Net=GND
Remove Pin=U3-6 From Net=u2in
Remove Pin=U3-7 From Net=u2out
Remove Pin=U3-8 From Net=+12
Remove Pin=U4-1 From Net=u4out
Remove Pin=U4-2 From Net=-u4in
Remove Pin=U4-3 From Net=+u4in
Remove Pin=U4-4 From Net=-12
Remove Pin=U4-5 From Net=+u5in
Remove Pin=U4-6 From Net=-u5in
Remove Pin=U4-7 From Net=u5out
Remove Pin=U4-8 From Net=+12
Remove Pin=U5-1 From Net=u3out
Remove Pin=U5-2 From Net=-u3in
Remove Pin=U5-3 From Net=+u3in
Remove Pin=U5-4 From Net=-12
Remove Pin=U5-5 From Net=GND
Remove Pin=U5-6 From Net=-u6in
Remove Pin=U5-8 From Net=+12
Remove Pin=VR3-2 From Net=u6out
