Removed Member From Class: ClassName=Adder Member=VR2
Removed Member From Class: ClassName=Multiplier Member=VR2
Change Component Designator: OldDesignator=C1 NewDesignator=C2
Change Component Designator: OldDesignator=C2 NewDesignator=C5
Change Component Designator: OldDesignator=C3 NewDesignator=C4
Change Component Designator: OldDesignator=C4 NewDesignator=C1
Change Component Designator: OldDesignator=C5 NewDesignator=C3
Change Component Designator: OldDesignator=Q1 NewDesignator=Q2
Change Component Designator: OldDesignator=Q2 NewDesignator=Q5
Change Component Designator: OldDesignator=Q3 NewDesignator=Q4
Change Component Designator: OldDesignator=Q4 NewDesignator=Q1
Change Component Designator: OldDesignator=Q5 NewDesignator=Q6
Change Component Designator: OldDesignator=Q6 NewDesignator=Q3
Change Component Designator: OldDesignator=R1 NewDesignator=R2
Change Component Designator: OldDesignator=R2 NewDesignator=R1
Change Component Designator: OldDesignator=R3 NewDesignator=R4
Change Component Designator: OldDesignator=R4 NewDesignator=R5
Change Component Designator: OldDesignator=R5 NewDesignator=R9
Change Component Designator: OldDesignator=R6 NewDesignator=R8
Change Component Designator: OldDesignator=R7 NewDesignator=R6
Change Component Designator: OldDesignator=R8 NewDesignator=R11
Change Component Designator: OldDesignator=R9 NewDesignator=R7
Change Component Designator: OldDesignator=R10 NewDesignator=R17
Change Component Designator: OldDesignator=R11 NewDesignator=R16
Change Component Designator: OldDesignator=R12 NewDesignator=R23
Change Component Designator: OldDesignator=R13 NewDesignator=R22
Change Component Designator: OldDesignator=R14 NewDesignator=R27
Change Component Designator: OldDesignator=R16 NewDesignator=R32
Change Component Designator: OldDesignator=R17 NewDesignator=R21
Change Component Designator: OldDesignator=R18 NewDesignator=R14
Change Component Designator: OldDesignator=R19 NewDesignator=R37
Change Component Designator: OldDesignator=R20 NewDesignator=R24
Change Component Designator: OldDesignator=R21 NewDesignator=R36
Change Component Designator: OldDesignator=R22 NewDesignator=R20
Change Component Designator: OldDesignator=R23 NewDesignator=R12
Change Component Designator: OldDesignator=R24 NewDesignator=R35
Change Component Designator: OldDesignator=R25 NewDesignator=R34
Change Component Designator: OldDesignator=R26 NewDesignator=R13
Change Component Designator: OldDesignator=R27 NewDesignator=R33
Change Component Designator: OldDesignator=R28 NewDesignator=R39
Change Component Designator: OldDesignator=R29 NewDesignator=R38
Change Component Designator: OldDesignator=R30 NewDesignator=R19
Change Component Designator: OldDesignator=R31 NewDesignator=R25
Change Component Designator: OldDesignator=R32 NewDesignator=R18
Change Component Designator: OldDesignator=R33 NewDesignator=R26
Change Component Designator: OldDesignator=R34 NewDesignator=R29
Change Component Designator: OldDesignator=R35 NewDesignator=R28
Change Component Designator: OldDesignator=R36 NewDesignator=R31
Change Component Designator: OldDesignator=R37 NewDesignator=R30
Change Component Designator: OldDesignator=U3 NewDesignator=U4
Change Component Designator: OldDesignator=U4 NewDesignator=U5
Change Component Designator: OldDesignator=U5 NewDesignator=U3
Change Component Designator: OldDesignator=VR1 NewDesignator=R3
Change Component Designator: OldDesignator=VR2 NewDesignator=R10
Change Component Designator: OldDesignator=VR3 NewDesignator=R40
Added Member To Class: ClassName=Multiplier Member=Component C4 EEUFS1J681S
Added Member To Class: ClassName=Multiplier Member=Component C5 EEUFS1J681S
Added Member To Class: ClassName=Multiplier Member=Component Q3 2N3904TF
Added Member To Class: ClassName=Multiplier Member=Component Q4 2N3904TF
Added Member To Class: ClassName=Multiplier Member=Component Q6 2N3904TF
Added Member To Class: ClassName=Adder Member=Component R2 MFR-25FBF52-1K
Added Member To Class: ClassName=Adder Member=Component R4 MFR-25FBF52-1K
Added Member To Class: ClassName=Adder Member=Component R5 MFR-25FBF52-1K
Added Member To Class: ClassName=Subtractor Member=Component R6 MFR-25FBF52-1K
Added Member To Class: ClassName=Subtractor Member=Component R11 MFR-25FBF52-1K
Added Member To Class: ClassName=Multiplier Member=Component R13 MFR-25FBF52-1K
Added Member To Class: ClassName=Multiplier Member=Component R14 MFR-25FBF52-1K
Added Member To Class: ClassName=Multiplier Member=Component R22 MFR-25FBF52-1K
Added Member To Class: ClassName=Multiplier Member=Component R23 MFR-25FBF52-1K
Added Member To Class: ClassName=Multiplier Member=Component R24 MFR-25FBF52-1K
Added Member To Class: ClassName=Multiplier Member=Component R31 MFR-25FBF52-1K
Added Member To Class: ClassName=Multiplier Member=Component R33 MFR-25FBF52-1K
Added Member To Class: ClassName=Multiplier Member=Component R34 MFR-25FBF52-1K
Added Member To Class: ClassName=Multiplier Member=Component R35 MFR-25FBF52-1K
Added Member To Class: ClassName=Multiplier Member=Component R36 MFR-25FBF52-1K
Added Member To Class: ClassName=Multiplier Member=Component R37 MFR-25FBF52-1K
Added Member To Class: ClassName=Multiplier Member=Component R38 MFR-25FBF52-1K
Added Member To Class: ClassName=Multiplier Member=Component R39 MFR-25FBF52-1K
Added Member To Class: ClassName=Multiplier Member=Component R40 PTN24A-A10025EB
Added Member To Class: ClassName=Multiplier Member=Component U5 NE5532P
