Removed Member From Class: ClassName=Adder Member=R7
Removed Member From Class: ClassName=Subtractor Member=R18
Change Component Designator: OldDesignator=R3 NewDesignator=VR1
Change Component Designator: OldDesignator=R10 NewDesignator=VR2
Change Component Designator: OldDesignator=R40 NewDesignator=VR3
Added Member To Class: ClassName=Multiplier Member=Component C2 EEUFS1J681S
Added Member To Class: ClassName=Multiplier Member=Component C4 EEUFS1J681S
Added Member To Class: ClassName=Multiplier Member=Component C5 EEUFS1J681S
Added Member To Class: ClassName=Multiplier Member=Component Q2 2N3904TF
Added Member To Class: ClassName=Multiplier Member=Component Q4 2N3904TF
Added Member To Class: ClassName=Multiplier Member=Component Q5 2N3904TF
Added Member To Class: ClassName=Adder Member=Component R2 MFR-25FBF52-1K
Added Member To Class: ClassName=Adder Member=Component R5 MFR-25FBF52-1K
Added Member To Class: ClassName=Subtractor Member=Component R6 MFR-25FBF52-1K
Added Member To Class: ClassName=Subtractor Member=Component R8 MFR-25FBF52-1K
Added Member To Class: ClassName=Subtractor Member=Component R9 MFR-25FBF52-1K
Added Member To Class: ClassName=Subtractor Member=Component R11 MFR-25FBF52-1K
Added Member To Class: ClassName=Multiplier Member=Component R12 MFR-25FBF52-1K
Added Member To Class: ClassName=Multiplier Member=Component R13 MFR-25FBF52-1K
Added Member To Class: ClassName=Multiplier Member=Component R14 MFR-25FBF52-1K
Added Member To Class: ClassName=Multiplier Member=Component R16 MFR-25FBF52-1K
Added Member To Class: ClassName=Multiplier Member=Component R17 MFR-25FBF52-1K
Added Member To Class: ClassName=Multiplier Member=Component R22 MFR-25FBF52-1K
Added Member To Class: ClassName=Multiplier Member=Component R24 MFR-25FBF52-1K
Added Member To Class: ClassName=Multiplier Member=Component R27 MFR-25FBF52-1K
Added Member To Class: ClassName=Multiplier Member=Component R29 MFR-25FBF52-1K
Added Member To Class: ClassName=Multiplier Member=Component R30 MFR-25FBF52-1K
Added Member To Class: ClassName=Multiplier Member=Component R31 MFR-25FBF52-1K
Added Member To Class: ClassName=Multiplier Member=Component R32 MFR-25FBF52-1K
Added Member To Class: ClassName=Multiplier Member=Component R33 MFR-25FBF52-1K
Added Member To Class: ClassName=Multiplier Member=Component R34 MFR-25FBF52-1K
Added Member To Class: ClassName=Multiplier Member=Component R35 MFR-25FBF52-1K
Added Member To Class: ClassName=Multiplier Member=Component R36 MFR-25FBF52-1K
Added Member To Class: ClassName=Multiplier Member=Component R37 MFR-25FBF52-1K
Added Member To Class: ClassName=Multiplier Member=Component U4 NE5532P
Added Member To Class: ClassName=Multiplier Member=Component U5 NE5532P
Added Member To Class: ClassName=Adder Member=Component VR1 PTN24A-A10025EB
